<?xml version="1.0" encoding="utf-8"?><testsuites name="pytest tests"><testsuite name="pytest" errors="0" failures="0" skipped="0" tests="32" time="3.924" timestamp="2026-07-09T13:11:18.445425+00:00" hostname="agent-env-eb2901ba-1816-43c4-8845-9adee3e70b2c"><testcase classname="tests.backend_test.TestAuth" name="test_login_success_seeded_user" time="0.355" /><testcase classname="tests.backend_test.TestCatalog" name="test_categories_endpoint" time="0.358" /><testcase classname="tests.backend_test.TestAuth" name="test_login_invalid" time="0.267" /><testcase classname="tests.backend_test.TestCatalog" name="test_products_list" time="0.268" /><testcase classname="tests.backend_test.TestAuth" name="test_register_and_auto_login" time="0.267" /><testcase classname="tests.backend_test.TestCatalog" name="test_products_category_filter" time="0.265" /><testcase classname="tests.backend_test.TestAuth" name="test_register_duplicate" time="0.043" /><testcase classname="tests.backend_test.TestCatalog" name="test_products_search" time="0.044" /><testcase classname="tests.backend_test.TestAuth" name="test_me_requires_auth" time="0.120" /><testcase classname="tests.backend_test.TestCatalog" name="test_products_price_filter_and_sort" time="0.044" /><testcase classname="tests.backend_test.TestCatalog" name="test_products_sort_price_desc" time="0.046" /><testcase classname="tests.backend_test.TestCatalog" name="test_products_rating_filter" time="0.049" /><testcase classname="tests.backend_test.TestCatalog" name="test_product_detail" time="0.046" /><testcase classname="tests.backend_test.TestCatalog" name="test_product_detail_not_found" time="0.260" /><testcase classname="tests.backend_test.TestAuth" name="test_me_returns_user" time="0.376" /><testcase classname="tests.backend_test.TestReviews" name="test_get_reviews_public" time="0.044" /><testcase classname="tests.backend_test.TestReviews" name="test_add_review_requires_auth" time="0.111" /><testcase classname="tests.backend_test.TestAuth" name="test_logout" time="0.047" /><testcase classname="tests.backend_test.TestCart" name="test_cart_requires_auth" time="0.134" /><testcase classname="tests.backend_test.TestReviews" name="test_add_review" time="0.589" /><testcase classname="tests.backend_test.TestCart" name="test_add_and_get_cart" time="0.523" /><testcase classname="tests.backend_test.TestReviews" name="test_add_review_invalid_rating" time="0.042" /><testcase classname="tests.backend_test.TestCart" name="test_shipping_below_500" time="0.094" /><testcase classname="tests.backend_test.TestOrders" name="test_orders_requires_auth" time="0.102" /><testcase classname="tests.backend_test.TestCart" name="test_update_cart_qty" time="0.136" /><testcase classname="tests.backend_test.TestOrders" name="test_checkout_empty_cart" time="0.088" /><testcase classname="tests.backend_test.TestOrders" name="test_full_checkout_flow" time="0.465" /><testcase classname="tests.backend_test.TestCart" name="test_remove_cart_item" time="0.169" /><testcase classname="tests.backend_test.TestCart" name="test_add_invalid_product" time="0.085" /><testcase classname="tests.backend_test.TestOrders" name="test_order_not_found" time="0.042" /><testcase classname="tests.backend_test.TestWishlist" name="test_wishlist_requires_auth" time="0.112" /><testcase classname="tests.backend_test.TestWishlist" name="test_add_get_remove_wishlist" time="0.314" /></testsuite></testsuites>